<?xml version="1.0" encoding="UTF-8"?>
<!-- Generated by org.testng.reporters.JUnitReportReporter -->
<testsuite skipped="0" hostname="ip-172-31-68-121" name="testAnt.AntClass" tests="1" failures="0" timestamp="22 Nov 2020 15:35:26 GMT" time="0.011" errors="0">
  <testcase name="AntTestNGMethod" time="0.011" classname="testAnt.AntClass"/>
</testsuite> <!-- testAnt.AntClass -->
