<?xml version="1.0" encoding="UTF-8"?>
<!-- Generated by org.testng.reporters.JUnitReportReporter -->
<testsuite skipped="0" hostname="ip-172-31-68-121" name="Testcases.Test_01" tests="1" failures="0" timestamp="2020-11-08T16:06:07 UTC" time="1.796" errors="0">
  <testcase name="t_001" time="1.796" classname="Testcases.Test_01"/>
  <system-out/>
</testsuite> <!-- Testcases.Test_01 -->
