<?xml version="1.0" encoding="UTF-8"?>
<!-- Generated by org.testng.reporters.JUnitReportReporter -->
<testsuite skipped="0" hostname="ip-172-31-68-121" name="testAnt.AntClass" tests="1" failures="0" timestamp="2020-11-22T15:29:22 UTC" time="0.043" errors="0">
  <testcase name="AntTestNGMethod" time="0.043" classname="testAnt.AntClass"/>
  <system-out/>
</testsuite> <!-- testAnt.AntClass -->
