<?xml version="1.0" encoding="UTF-8"?>
<!-- Generated by org.testng.reporters.JUnitReportReporter -->
<testsuite skipped="0" hostname="ip-172-31-68-121" name="ExtenReport" tests="1" failures="0" timestamp="2020-11-08T15:11:12 UTC" time="4.602" errors="0">
  <testcase name="test" time="4.602" classname="ExtenReport"/>
  <system-out/>
</testsuite> <!-- ExtenReport -->
