<?xml version="1.0" encoding="UTF-8"?>
<!-- Generated by org.testng.reporters.JUnitReportReporter -->
<testsuite skipped="0" hostname="ip-172-31-68-121" name="test.LaunchBrowser" tests="1" failures="0" timestamp="2020-11-21T17:57:36 UTC" time="3.646" errors="0">
  <testcase name="login" time="3.646" classname="test.LaunchBrowser"/>
  <system-out/>
</testsuite> <!-- test.LaunchBrowser -->
