<?xml version="1.0" encoding="UTF-8"?>
<!-- Generated by org.testng.reporters.JUnitReportReporter -->
<testsuite skipped="0" hostname="ip-172-31-68-121" name="test.AddIntegerNumbers" tests="1" failures="0" timestamp="2020-11-29T16:40:44 UTC" time="0.011" errors="0">
  <testcase name="additiontest" time="0.011" classname="test.AddIntegerNumbers"/>
  <system-out/>
</testsuite> <!-- test.AddIntegerNumbers -->
