<?xml version="1.0" encoding="UTF-8"?>
<testsuite name="LibraryTest" tests="1" skipped="0" failures="0" errors="0" timestamp="2020-12-12T14:52:52" hostname="ip-172-31-68-121" time="0.003">
  <properties/>
  <testcase name="testSomeLibraryMethod" classname="LibraryTest" time="0.003"/>
  <system-out><![CDATA[]]></system-out>
  <system-err><![CDATA[]]></system-err>
</testsuite>
